<?xml version="1.0" encoding="UTF-8"?>
<!-- Generated by org.testng.reporters.JUnitReportReporter -->
<testsuite name="org.login.WindowHandling" tests="1" time="0.060" ignored="0" failures="0" timestamp="04 Aug 2022 06:24:59 GMT" skipped="0" hostname="DESKTOP-GD2TQ7C" errors="0">
  <testcase name="size" time="0.060" classname="org.login.WindowHandling"/>
</testsuite> <!-- org.login.WindowHandling -->
