<?xml version="1.0" encoding="UTF-8"?>
<!-- Generated by org.testng.reporters.JUnitReportReporter -->
<testsuite name="org.login.Launch" tests="1" time="40.973" ignored="0" failures="0" timestamp="23 Jul 2022 10:22:42 GMT" skipped="0" hostname="DESKTOP-GD2TQ7C" errors="0">
  <testcase name="question" time="40.973" classname="org.login.Launch"/>
</testsuite> <!-- org.login.Launch -->
